<?xml version="1.0" encoding="UTF-8"?>
<!-- Generated by org.testng.reporters.JUnitXMLReporter -->
<testsuite ignored="1" hostname="LAPTOP-NGPJ1III" failures="0" tests="1" name="Functional testcases" time="5.886" errors="0" timestamp="2025-08-23T18:21:23 IST">
  <testcase classname="com.wipro.TsetNgSkipTestCases" name="launchbrowser" time="5.842"/>
  <testcase classname="com.wipro.TsetNgSkipTestCases" name="login" time="0.0">
    <ignored/>
  </testcase> <!-- login -->
</testsuite> <!-- Functional testcases -->
