<?xml version="1.0" encoding="UTF-8"?>
<!-- Generated by org.testng.reporters.JUnitXMLReporter -->
<testsuite ignored="2" hostname="LAPTOP-NGPJ1III" failures="0" tests="2" name="GroupTest" time="0.009" errors="0" timestamp="2025-08-19T09:16:11 IST">
  <testcase classname="com.wipro.TestNGGroupcase" name="testcase1" time="0.002"/>
  <testcase classname="com.wipro.TestNGGroupcase" name="testcase3" time="0.002"/>
  <testcase classname="com.wipro.TestNGGroupcase" name="testcase2" time="0.0">
    <ignored/>
  </testcase> <!-- testcase2 -->
  <testcase classname="com.wipro.TestNGGroupcase" name="testcase4" time="0.0">
    <ignored/>
  </testcase> <!-- testcase4 -->
</testsuite> <!-- GroupTest -->
