<?xml version="1.0" encoding="UTF-8"?>
<testng-results ignored="0" total="1" passed="1" failed="0" skipped="0">
  <reporter-output>
  </reporter-output>
  <suite started-at="2025-08-23T18:21:17 IST" name="functionaltesting" finished-at="2025-08-23T18:21:23 IST" duration-ms="5886">
    <groups>
    </groups>
    <test started-at="2025-08-23T18:21:17 IST" name="Functional testcases" finished-at="2025-08-23T18:21:23 IST" duration-ms="5886">
      <class name="com.wipro.TsetNgSkipTestCases">
        <test-method signature="launchbrowser()[pri:0, instance:com.wipro.TsetNgSkipTestCases@4802796d]" started-at="2025-08-23T18:21:17 IST" name="launchbrowser" finished-at="2025-08-23T18:21:23 IST" duration-ms="5842" status="PASS">
          <reporter-output>
          </reporter-output>
        </test-method> <!-- launchbrowser -->
      </class> <!-- com.wipro.TsetNgSkipTestCases -->
    </test> <!-- Functional testcases -->
  </suite> <!-- functionaltesting -->
</testng-results>
